{"/Users/Bailey/Documents/Adynata/parser/index.es6":{"path":"/Users/Bailey/Documents/Adynata/parser/index.es6","s":{"1":1,"2":1,"3":1,"4":1,"5":2,"6":2,"7":2,"8":2,"9":2,"10":2,"11":1,"12":1,"13":1,"14":1,"15":0,"16":1,"17":1,"18":1,"19":1,"20":1,"21":1,"22":2,"23":1,"24":0,"25":0,"26":1,"27":1,"28":0,"29":0,"30":1,"31":0,"32":0,"33":0,"34":0,"35":0,"36":0,"37":0,"38":0,"39":0,"40":0,"41":0,"42":0,"43":0,"44":0,"45":0,"46":0,"47":1,"48":1},"b":{"1":[2,2],"2":[2,0],"3":[1,0],"4":[0,1],"5":[0,2],"6":[2,2],"7":[0,0],"8":[0,0],"9":[0,0],"10":[0,0]},"f":{"1":1,"2":1,"3":1,"4":2,"5":0,"6":1,"7":0,"8":0,"9":0,"10":0,"11":0,"12":0},"fnMap":{"1":{"name":"(anonymous_1)","line":0,"loc":{"start":{"line":0,"column":0},"end":{"line":0,"column":0}},"skip":true},"2":{"name":"defineProperties","line":0,"loc":{"start":{"line":0,"column":0},"end":{"line":0,"column":0}},"skip":true},"3":{"name":"(anonymous_3)","line":0,"loc":{"start":{"line":0,"column":0},"end":{"line":0,"column":0}},"skip":true},"4":{"name":"_interopRequireDefault","line":0,"loc":{"start":{"line":0,"column":0},"end":{"line":0,"column":0}},"skip":true},"5":{"name":"_classCallCheck","line":0,"loc":{"start":{"line":0,"column":0},"end":{"line":0,"column":0}},"skip":true},"6":{"name":"(anonymous_6)","line":0,"loc":{"start":{"line":0,"column":0},"end":{"line":0,"column":0}},"skip":true},"7":{"name":"AdynataParser","line":5,"loc":{"start":{"line":5,"column":18},"end":{"line":5,"column":18}}},"8":{"name":"startRepl","line":8,"loc":{"start":{"line":8,"column":14},"end":{"line":8,"column":23}}},"9":{"name":"(anonymous_9)","line":13,"loc":{"start":{"line":13,"column":24},"end":{"line":13,"column":40}}},"10":{"name":"(anonymous_10)","line":22,"loc":{"start":{"line":22,"column":21},"end":{"line":null,"column":null}}},"11":{"name":"getCode","line":24,"loc":{"start":{"line":24,"column":12},"end":{"line":24,"column":21}}},"12":{"name":"(anonymous_12)","line":26,"loc":{"start":{"line":26,"column":37},"end":{"line":26,"column":43}}}},"statementMap":{"1":{"start":{"line":0,"column":0},"end":{"line":0,"column":0},"skip":true},"2":{"start":{"line":0,"column":0},"end":{"line":0,"column":0},"skip":true},"3":{"start":{"line":0,"column":0},"end":{"line":0,"column":0},"skip":true},"4":{"start":{"line":0,"column":0},"end":{"line":0,"column":0},"skip":true},"5":{"start":{"line":0,"column":0},"end":{"line":0,"column":0},"skip":true},"6":{"start":{"line":0,"column":0},"end":{"line":0,"column":0},"skip":true},"7":{"start":{"line":0,"column":0},"end":{"line":0,"column":0},"skip":true},"8":{"start":{"line":0,"column":0},"end":{"line":0,"column":0},"skip":true},"9":{"start":{"line":0,"column":0},"end":{"line":0,"column":0},"skip":true},"10":{"start":{"line":0,"column":0},"end":{"line":0,"column":0},"skip":true},"11":{"start":{"line":0,"column":0},"end":{"line":0,"column":0},"skip":true},"12":{"start":{"line":0,"column":0},"end":{"line":0,"column":0},"skip":true},"13":{"start":{"line":0,"column":0},"end":{"line":0,"column":0},"skip":true},"14":{"start":{"line":0,"column":0},"end":{"line":0,"column":0},"skip":true},"15":{"start":{"line":0,"column":0},"end":{"line":0,"column":0},"skip":true},"16":{"start":{"line":0,"column":0},"end":{"line":0,"column":0},"skip":true},"17":{"start":{"line":1,"column":0},"end":{"line":null,"column":null}},"18":{"start":{"line":0,"column":0},"end":{"line":0,"column":0},"skip":true},"19":{"start":{"line":2,"column":0},"end":{"line":null,"column":null}},"20":{"start":{"line":0,"column":0},"end":{"line":0,"column":0},"skip":true},"21":{"start":{"line":0,"column":0},"end":{"line":0,"column":0},"skip":true},"22":{"start":{"line":0,"column":0},"end":{"line":0,"column":0},"skip":true},"23":{"start":{"line":0,"column":0},"end":{"line":0,"column":0},"skip":true},"24":{"start":{"line":0,"column":0},"end":{"line":0,"column":0},"skip":true},"25":{"start":{"line":0,"column":0},"end":{"line":0,"column":0},"skip":true},"26":{"start":{"line":4,"column":21},"end":{"line":null,"column":null}},"27":{"start":{"line":5,"column":18},"end":{"line":null,"column":null}},"28":{"start":{"line":0,"column":0},"end":{"line":0,"column":0},"skip":true},"29":{"start":{"line":6,"column":13},"end":{"line":null,"column":null}},"30":{"start":{"line":0,"column":0},"end":{"line":0,"column":0},"skip":true},"31":{"start":{"line":9,"column":12},"end":{"line":null,"column":null}},"32":{"start":{"line":11,"column":13},"end":{"line":null,"column":null}},"33":{"start":{"line":13,"column":13},"end":{"line":null,"column":null}},"34":{"start":{"line":15,"column":16},"end":{"line":null,"column":null}},"35":{"start":{"line":15,"column":34},"end":{"line":null,"column":null}},"36":{"start":{"line":17,"column":16},"end":{"line":null,"column":null}},"37":{"start":{"line":17,"column":26},"end":{"line":null,"column":null}},"38":{"start":{"line":19,"column":17},"end":{"line":null,"column":null}},"39":{"start":{"line":22,"column":27},"end":{"line":null,"column":null}},"40":{"start":{"line":0,"column":0},"end":{"line":0,"column":0},"skip":true},"41":{"start":{"line":25,"column":16},"end":{"line":null,"column":null}},"42":{"start":{"line":26,"column":16},"end":{"line":null,"column":null}},"43":{"start":{"line":27,"column":16},"end":{"line":null,"column":null}},"44":{"start":{"line":28,"column":16},"end":{"line":null,"column":null}},"45":{"start":{"line":29,"column":21},"end":{"line":null,"column":null}},"46":{"start":{"line":32,"column":16},"end":{"line":null,"column":null}},"47":{"start":{"line":0,"column":0},"end":{"line":0,"column":0},"skip":true},"48":{"start":{"line":4,"column":21},"end":{"line":null,"column":null}}},"branchMap":{"1":{"line":0,"type":"binary-expr","locations":[{"start":{"line":0,"column":0},"end":{"line":0,"column":0},"skip":true},{"start":{"line":0,"column":0},"end":{"line":0,"column":0},"skip":true}]},"2":{"line":0,"type":"if","locations":[{"start":{"line":0,"column":0},"end":{"line":0,"column":0},"skip":true},{"start":{"line":0,"column":0},"end":{"line":0,"column":0},"skip":true}]},"3":{"line":0,"type":"if","locations":[{"start":{"line":0,"column":0},"end":{"line":0,"column":0},"skip":true},{"start":{"line":0,"column":0},"end":{"line":0,"column":0},"skip":true}]},"4":{"line":0,"type":"if","locations":[{"start":{"line":0,"column":0},"end":{"line":0,"column":0},"skip":true},{"start":{"line":0,"column":0},"end":{"line":0,"column":0},"skip":true}]},"5":{"line":0,"type":"cond-expr","locations":[{"start":{"line":0,"column":0},"end":{"line":0,"column":0},"skip":true},{"start":{"line":0,"column":0},"end":{"line":0,"column":0},"skip":true}]},"6":{"line":0,"type":"binary-expr","locations":[{"start":{"line":0,"column":0},"end":{"line":0,"column":0},"skip":true},{"start":{"line":0,"column":0},"end":{"line":0,"column":0},"skip":true}]},"7":{"line":0,"type":"if","locations":[{"start":{"line":0,"column":0},"end":{"line":0,"column":0},"skip":true},{"start":{"line":0,"column":0},"end":{"line":0,"column":0},"skip":true}]},"8":{"line":15,"type":"if","locations":[{"start":{"line":15,"column":16},"end":{"line":15,"column":16}},{"start":{"line":15,"column":16},"end":{"line":15,"column":16}}]},"9":{"line":17,"type":"if","locations":[{"start":{"line":17,"column":16},"end":{"line":17,"column":16}},{"start":{"line":17,"column":16},"end":{"line":17,"column":16}}]},"10":{"line":28,"type":"if","locations":[{"start":{"line":28,"column":16},"end":{"line":28,"column":16}},{"start":{"line":28,"column":16},"end":{"line":28,"column":16}}]}}},"/Users/Bailey/Documents/Adynata/tokenizer/index.es6":{"path":"/Users/Bailey/Documents/Adynata/tokenizer/index.es6","s":{"1":1,"2":1,"3":1,"4":1,"5":9,"6":9,"7":9,"8":9,"9":9,"10":9,"11":1,"12":1,"13":1,"14":1,"15":0,"16":1,"17":1,"18":1,"19":1,"20":1,"21":1,"22":1,"23":1,"24":1,"25":1,"26":3,"27":1,"28":13,"29":0,"30":1,"31":1,"32":13,"33":13,"34":13,"35":13,"36":13,"37":1,"38":126,"39":91,"40":6,"41":9,"42":6,"43":0,"44":0,"45":295,"46":4902,"47":150,"48":1861,"49":150,"50":0,"51":249,"52":5,"53":244,"54":0,"55":0,"56":0,"57":0,"58":0,"59":11,"60":11,"61":11,"62":25,"63":11,"64":11,"65":11,"66":11,"67":244,"68":122,"69":8,"70":114,"71":51,"72":19,"73":19,"74":19,"75":19,"76":19,"77":0,"78":0,"79":0,"80":0,"81":19,"82":32,"83":12,"84":12,"85":12,"86":0,"87":0,"88":0,"89":0,"90":12,"91":4,"92":4,"93":8,"94":12,"95":1,"96":1,"97":0,"98":1,"99":0,"100":1,"101":1,"102":1,"103":12,"104":4,"105":8,"106":0,"107":8,"108":8,"109":8,"110":8,"111":20,"112":19,"113":0,"114":19,"115":19,"116":19,"117":118,"118":118,"119":8,"120":8,"121":0,"122":8,"123":2,"124":6,"125":6,"126":6,"127":6,"128":6,"129":110,"130":19,"131":19,"132":91,"133":8,"134":8,"135":83,"136":1,"137":1,"138":1,"139":1,"140":1,"141":82,"142":0,"143":122,"144":238,"145":5,"146":1,"147":1},"b":{"1":[9,9],"2":[9,0],"3":[1,0],"4":[0,1],"5":[3,0],"6":[3,3],"7":[0,13],"8":[13,0],"9":[13,0],"10":[6,3],"11":[150,1711],"12":[5,244],"13":[0,0],"14":[0,0],"15":[0,0],"16":[122,122],"17":[244,122],"18":[8,114],"19":[122,122],"20":[63,51],"21":[19,32],"22":[19,0],"23":[19,0],"24":[19,19],"25":[0,0],"26":[0,0],"27":[12,20],"28":[0,12],"29":[12,12],"30":[0,0],"31":[4,8],"32":[1,11],"33":[0,1],"34":[0,1],"35":[4,8],"36":[0,8],"37":[19,1],"38":[0,19],"39":[8,110],"40":[118,0,118,8],"41":[0,8],"42":[2,6],"43":[19,91],"44":[110,38],"45":[8,83],"46":[91,91,91,91],"47":[0,8],"48":[1,82],"49":[83,1],"50":[0,82],"51":[82,82,82]},"f":{"1":1,"2":1,"3":1,"4":3,"5":13,"6":1,"7":13,"8":126,"9":91,"10":6,"11":0,"12":0,"13":295,"14":4902,"15":150,"16":249,"17":0,"18":11,"19":25},"fnMap":{"1":{"name":"(anonymous_1)","line":0,"loc":{"start":{"line":0,"column":0},"end":{"line":0,"column":0}},"skip":true},"2":{"name":"defineProperties","line":0,"loc":{"start":{"line":0,"column":0},"end":{"line":0,"column":0}},"skip":true},"3":{"name":"(anonymous_3)","line":0,"loc":{"start":{"line":0,"column":0},"end":{"line":0,"column":0}},"skip":true},"4":{"name":"_interopRequireDefault","line":0,"loc":{"start":{"line":0,"column":0},"end":{"line":0,"column":0}},"skip":true},"5":{"name":"_classCallCheck","line":0,"loc":{"start":{"line":0,"column":0},"end":{"line":0,"column":0}},"skip":true},"6":{"name":"(anonymous_6)","line":0,"loc":{"start":{"line":0,"column":0},"end":{"line":0,"column":0}},"skip":true},"7":{"name":"AdynataTokenizer","line":15,"loc":{"start":{"line":15,"column":16},"end":{"line":15,"column":33}}},"8":{"name":"isAToken","line":21,"loc":{"start":{"line":21,"column":13},"end":{"line":21,"column":18}}},"9":{"name":"(anonymous_9)","line":22,"loc":{"start":{"line":22,"column":32},"end":{"line":null,"column":null}}},"10":{"name":"getToken","line":24,"loc":{"start":{"line":24,"column":13},"end":{"line":24,"column":19}}},"11":{"name":"getTokens","line":31,"loc":{"start":{"line":31,"column":15},"end":{"line":31,"column":15}}},"12":{"name":"setTokens","line":34,"loc":{"start":{"line":34,"column":14},"end":{"line":34,"column":20}}},"13":{"name":"charsListContains","line":37,"loc":{"start":{"line":37,"column":22},"end":{"line":37,"column":40}}},"14":{"name":"(anonymous_14)","line":38,"loc":{"start":{"line":38,"column":29},"end":{"line":null,"column":null}}},"15":{"name":"charsListFindElem","line":40,"loc":{"start":{"line":40,"column":22},"end":{"line":40,"column":40}}},"16":{"name":"getChar","line":54,"loc":{"start":{"line":54,"column":14},"end":{"line":54,"column":14}}},"17":{"name":"guessType","line":61,"loc":{"start":{"line":61,"column":14},"end":{"line":61,"column":20}}},"18":{"name":"tokenize","line":71,"loc":{"start":{"line":71,"column":15},"end":{"line":71,"column":15}}},"19":{"name":"resetCurrentVariable","line":80,"loc":{"start":{"line":80,"column":35},"end":{"line":null,"column":null}}}},"statementMap":{"1":{"start":{"line":0,"column":0},"end":{"line":0,"column":0},"skip":true},"2":{"start":{"line":0,"column":0},"end":{"line":0,"column":0},"skip":true},"3":{"start":{"line":0,"column":0},"end":{"line":0,"column":0},"skip":true},"4":{"start":{"line":0,"column":0},"end":{"line":0,"column":0},"skip":true},"5":{"start":{"line":0,"column":0},"end":{"line":0,"column":0},"skip":true},"6":{"start":{"line":0,"column":0},"end":{"line":0,"column":0},"skip":true},"7":{"start":{"line":0,"column":0},"end":{"line":0,"column":0},"skip":true},"8":{"start":{"line":0,"column":0},"end":{"line":0,"column":0},"skip":true},"9":{"start":{"line":0,"column":0},"end":{"line":0,"column":0},"skip":true},"10":{"start":{"line":0,"column":0},"end":{"line":0,"column":0},"skip":true},"11":{"start":{"line":0,"column":0},"end":{"line":0,"column":0},"skip":true},"12":{"start":{"line":0,"column":0},"end":{"line":0,"column":0},"skip":true},"13":{"start":{"line":0,"column":0},"end":{"line":0,"column":0},"skip":true},"14":{"start":{"line":0,"column":0},"end":{"line":0,"column":0},"skip":true},"15":{"start":{"line":0,"column":0},"end":{"line":0,"column":0},"skip":true},"16":{"start":{"line":0,"column":0},"end":{"line":0,"column":0},"skip":true},"17":{"start":{"line":1,"column":0},"end":{"line":null,"column":null}},"18":{"start":{"line":0,"column":0},"end":{"line":0,"column":0},"skip":true},"19":{"start":{"line":2,"column":0},"end":{"line":null,"column":null}},"20":{"start":{"line":0,"column":0},"end":{"line":0,"column":0},"skip":true},"21":{"start":{"line":3,"column":0},"end":{"line":null,"column":null}},"22":{"start":{"line":0,"column":0},"end":{"line":0,"column":0},"skip":true},"23":{"start":{"line":4,"column":0},"end":{"line":null,"column":null}},"24":{"start":{"line":9,"column":0},"end":{"line":null,"column":null}},"25":{"start":{"line":0,"column":0},"end":{"line":0,"column":0},"skip":true},"26":{"start":{"line":0,"column":0},"end":{"line":0,"column":0},"skip":true},"27":{"start":{"line":0,"column":0},"end":{"line":0,"column":0},"skip":true},"28":{"start":{"line":0,"column":0},"end":{"line":0,"column":0},"skip":true},"29":{"start":{"line":0,"column":0},"end":{"line":0,"column":0},"skip":true},"30":{"start":{"line":14,"column":21},"end":{"line":null,"column":null}},"31":{"start":{"line":15,"column":16},"end":{"line":null,"column":null}},"32":{"start":{"line":15,"column":22},"end":{"line":null,"column":null}},"33":{"start":{"line":0,"column":0},"end":{"line":0,"column":0},"skip":true},"34":{"start":{"line":16,"column":13},"end":{"line":null,"column":null}},"35":{"start":{"line":17,"column":13},"end":{"line":null,"column":null}},"36":{"start":{"line":19,"column":13},"end":{"line":null,"column":null}},"37":{"start":{"line":0,"column":0},"end":{"line":0,"column":0},"skip":true},"38":{"start":{"line":22,"column":15},"end":{"line":null,"column":null}},"39":{"start":{"line":22,"column":43},"end":{"line":null,"column":null}},"40":{"start":{"line":25,"column":13},"end":{"line":null,"column":null}},"41":{"start":{"line":26,"column":16},"end":{"line":null,"column":null}},"42":{"start":{"line":27,"column":23},"end":{"line":null,"column":null}},"43":{"start":{"line":32,"column":15},"end":{"line":null,"column":null}},"44":{"start":{"line":35,"column":13},"end":{"line":null,"column":null}},"45":{"start":{"line":38,"column":15},"end":{"line":null,"column":null}},"46":{"start":{"line":38,"column":39},"end":{"line":null,"column":null}},"47":{"start":{"line":41,"column":13},"end":{"line":null,"column":null}},"48":{"start":{"line":42,"column":16},"end":{"line":null,"column":null}},"49":{"start":{"line":43,"column":23},"end":{"line":null,"column":null}},"50":{"start":{"line":46,"column":15},"end":{"line":null,"column":null}},"51":{"start":{"line":55,"column":12},"end":{"line":null,"column":null}},"52":{"start":{"line":56,"column":19},"end":{"line":null,"column":null}},"53":{"start":{"line":58,"column":19},"end":{"line":null,"column":null}},"54":{"start":{"line":62,"column":12},"end":{"line":null,"column":null}},"55":{"start":{"line":63,"column":19},"end":{"line":null,"column":null}},"56":{"start":{"line":64,"column":15},"end":{"line":null,"column":null}},"57":{"start":{"line":65,"column":19},"end":{"line":null,"column":null}},"58":{"start":{"line":67,"column":18},"end":{"line":null,"column":null}},"59":{"start":{"line":72,"column":12},"end":{"line":null,"column":null}},"60":{"start":{"line":73,"column":12},"end":{"line":null,"column":null}},"61":{"start":{"line":80,"column":12},"end":{"line":null,"column":null}},"62":{"start":{"line":81,"column":12},"end":{"line":null,"column":null}},"63":{"start":{"line":0,"column":0},"end":{"line":0,"column":0},"skip":true},"64":{"start":{"line":90,"column":12},"end":{"line":null,"column":null}},"65":{"start":{"line":91,"column":12},"end":{"line":null,"column":null}},"66":{"start":{"line":92,"column":13},"end":{"line":null,"column":null}},"67":{"start":{"line":93,"column":16},"end":{"line":null,"column":null}},"68":{"start":{"line":94,"column":20},"end":{"line":null,"column":null}},"69":{"start":{"line":95,"column":46},"end":{"line":null,"column":null}},"70":{"start":{"line":96,"column":23},"end":{"line":null,"column":null}},"71":{"start":{"line":97,"column":23},"end":{"line":null,"column":null}},"72":{"start":{"line":98,"column":24},"end":{"line":null,"column":null}},"73":{"start":{"line":100,"column":24},"end":{"line":null,"column":null}},"74":{"start":{"line":101,"column":28},"end":{"line":null,"column":null}},"75":{"start":{"line":102,"column":36},"end":{"line":null,"column":null}},"76":{"start":{"line":104,"column":55},"end":{"line":null,"column":null}},"77":{"start":{"line":105,"column":27},"end":{"line":null,"column":null}},"78":{"start":{"line":106,"column":28},"end":{"line":null,"column":null}},"79":{"start":{"line":107,"column":36},"end":{"line":null,"column":null}},"80":{"start":{"line":109,"column":55},"end":{"line":null,"column":null}},"81":{"start":{"line":111,"column":45},"end":{"line":null,"column":null}},"82":{"start":{"line":113,"column":24},"end":{"line":null,"column":null}},"83":{"start":{"line":114,"column":32},"end":{"line":null,"column":null}},"84":{"start":{"line":116,"column":28},"end":{"line":null,"column":null}},"85":{"start":{"line":117,"column":28},"end":{"line":null,"column":null}},"86":{"start":{"line":118,"column":32},"end":{"line":null,"column":null}},"87":{"start":{"line":119,"column":40},"end":{"line":null,"column":null}},"88":{"start":{"line":120,"column":63},"end":{"line":null,"column":null}},"89":{"start":{"line":122,"column":63},"end":{"line":null,"column":null}},"90":{"start":{"line":125,"column":32},"end":{"line":null,"column":null}},"91":{"start":{"line":126,"column":40},"end":{"line":null,"column":null}},"92":{"start":{"line":127,"column":63},"end":{"line":null,"column":null}},"93":{"start":{"line":129,"column":63},"end":{"line":null,"column":null}},"94":{"start":{"line":132,"column":28},"end":{"line":null,"column":null}},"95":{"start":{"line":133,"column":32},"end":{"line":null,"column":null}},"96":{"start":{"line":134,"column":32},"end":{"line":null,"column":null}},"97":{"start":{"line":135,"column":38},"end":{"line":null,"column":null}},"98":{"start":{"line":137,"column":32},"end":{"line":null,"column":null}},"99":{"start":{"line":138,"column":37},"end":{"line":null,"column":null}},"100":{"start":{"line":140,"column":32},"end":{"line":null,"column":null}},"101":{"start":{"line":141,"column":61},"end":{"line":null,"column":null}},"102":{"start":{"line":142,"column":59},"end":{"line":null,"column":null}},"103":{"start":{"line":144,"column":28},"end":{"line":null,"column":null}},"104":{"start":{"line":145,"column":34},"end":{"line":null,"column":null}},"105":{"start":{"line":147,"column":28},"end":{"line":null,"column":null}},"106":{"start":{"line":148,"column":59},"end":{"line":null,"column":null}},"107":{"start":{"line":151,"column":29},"end":{"line":null,"column":null}},"108":{"start":{"line":0,"column":0},"end":{"line":0,"column":0},"skip":true},"109":{"start":{"line":153,"column":32},"end":{"line":null,"column":null}},"110":{"start":{"line":154,"column":49},"end":{"line":null,"column":null}},"111":{"start":{"line":155,"column":27},"end":{"line":null,"column":null}},"112":{"start":{"line":156,"column":28},"end":{"line":null,"column":null}},"113":{"start":{"line":157,"column":34},"end":{"line":null,"column":null}},"114":{"start":{"line":159,"column":55},"end":{"line":null,"column":null}},"115":{"start":{"line":160,"column":49},"end":{"line":null,"column":null}},"116":{"start":{"line":161,"column":32},"end":{"line":null,"column":null}},"117":{"start":{"line":164,"column":20},"end":{"line":null,"column":null}},"118":{"start":{"line":166,"column":21},"end":{"line":null,"column":null}},"119":{"start":{"line":169,"column":28},"end":{"line":null,"column":null}},"120":{"start":{"line":170,"column":24},"end":{"line":null,"column":null}},"121":{"start":{"line":171,"column":55},"end":{"line":null,"column":null}},"122":{"start":{"line":173,"column":24},"end":{"line":null,"column":null}},"123":{"start":{"line":174,"column":30},"end":{"line":null,"column":null}},"124":{"start":{"line":176,"column":51},"end":{"line":null,"column":null}},"125":{"start":{"line":177,"column":25},"end":{"line":null,"column":null}},"126":{"start":{"line":0,"column":0},"end":{"line":0,"column":0},"skip":true},"127":{"start":{"line":179,"column":28},"end":{"line":null,"column":null}},"128":{"start":{"line":180,"column":45},"end":{"line":null,"column":null}},"129":{"start":{"line":181,"column":23},"end":{"line":null,"column":null}},"130":{"start":{"line":182,"column":28},"end":{"line":null,"column":null}},"131":{"start":{"line":183,"column":45},"end":{"line":null,"column":null}},"132":{"start":{"line":184,"column":23},"end":{"line":null,"column":null}},"133":{"start":{"line":188,"column":28},"end":{"line":null,"column":null}},"134":{"start":{"line":192,"column":46},"end":{"line":null,"column":null}},"135":{"start":{"line":198,"column":24},"end":{"line":null,"column":null}},"136":{"start":{"line":199,"column":28},"end":{"line":null,"column":null}},"137":{"start":{"line":200,"column":55},"end":{"line":null,"column":null}},"138":{"start":{"line":201,"column":55},"end":{"line":null,"column":null}},"139":{"start":{"line":202,"column":32},"end":{"line":null,"column":null}},"140":{"start":{"line":203,"column":49},"end":{"line":null,"column":null}},"141":{"start":{"line":204,"column":27},"end":{"line":null,"column":null}},"142":{"start":{"line":205,"column":30},"end":{"line":null,"column":null}},"143":{"start":{"line":209,"column":42},"end":{"line":null,"column":null}},"144":{"start":{"line":211,"column":26},"end":{"line":null,"column":null}},"145":{"start":{"line":213,"column":16},"end":{"line":null,"column":null}},"146":{"start":{"line":0,"column":0},"end":{"line":0,"column":0},"skip":true},"147":{"start":{"line":14,"column":21},"end":{"line":null,"column":null}}},"branchMap":{"1":{"line":0,"type":"binary-expr","locations":[{"start":{"line":0,"column":0},"end":{"line":0,"column":0},"skip":true},{"start":{"line":0,"column":0},"end":{"line":0,"column":0},"skip":true}]},"2":{"line":0,"type":"if","locations":[{"start":{"line":0,"column":0},"end":{"line":0,"column":0},"skip":true},{"start":{"line":0,"column":0},"end":{"line":0,"column":0},"skip":true}]},"3":{"line":0,"type":"if","locations":[{"start":{"line":0,"column":0},"end":{"line":0,"column":0},"skip":true},{"start":{"line":0,"column":0},"end":{"line":0,"column":0},"skip":true}]},"4":{"line":0,"type":"if","locations":[{"start":{"line":0,"column":0},"end":{"line":0,"column":0},"skip":true},{"start":{"line":0,"column":0},"end":{"line":0,"column":0},"skip":true}]},"5":{"line":0,"type":"cond-expr","locations":[{"start":{"line":0,"column":0},"end":{"line":0,"column":0},"skip":true},{"start":{"line":0,"column":0},"end":{"line":0,"column":0},"skip":true}]},"6":{"line":0,"type":"binary-expr","locations":[{"start":{"line":0,"column":0},"end":{"line":0,"column":0},"skip":true},{"start":{"line":0,"column":0},"end":{"line":0,"column":0},"skip":true}]},"7":{"line":0,"type":"if","locations":[{"start":{"line":0,"column":0},"end":{"line":0,"column":0},"skip":true},{"start":{"line":0,"column":0},"end":{"line":0,"column":0},"skip":true}]},"8":{"line":15,"type":"cond-expr","locations":[{"start":{"line":15,"column":30},"end":{"line":15,"column":33}},{"start":{"line":0,"column":0},"end":{"line":0,"column":0},"skip":true}]},"9":{"line":15,"type":"binary-expr","locations":[{"start":{"line":15,"column":30},"end":{"line":15,"column":30}},{"start":{"line":15,"column":30},"end":{"line":15,"column":30}}]},"10":{"line":26,"type":"if","locations":[{"start":{"line":26,"column":16},"end":{"line":26,"column":16}},{"start":{"line":26,"column":16},"end":{"line":26,"column":16}}]},"11":{"line":42,"type":"if","locations":[{"start":{"line":42,"column":16},"end":{"line":42,"column":16}},{"start":{"line":42,"column":16},"end":{"line":42,"column":16}}]},"12":{"line":55,"type":"if","locations":[{"start":{"line":55,"column":12},"end":{"line":55,"column":12}},{"start":{"line":55,"column":12},"end":{"line":55,"column":12}}]},"13":{"line":62,"type":"if","locations":[{"start":{"line":62,"column":12},"end":{"line":62,"column":12}},{"start":{"line":62,"column":12},"end":{"line":62,"column":12}}]},"14":{"line":62,"type":"binary-expr","locations":[{"start":{"line":62,"column":12},"end":{"line":62,"column":45}},{"start":{"line":62,"column":45},"end":{"line":62,"column":8}}]},"15":{"line":64,"type":"if","locations":[{"start":{"line":64,"column":15},"end":{"line":64,"column":15}},{"start":{"line":64,"column":15},"end":{"line":64,"column":15}}]},"16":{"line":93,"type":"if","locations":[{"start":{"line":93,"column":16},"end":{"line":93,"column":16}},{"start":{"line":93,"column":16},"end":{"line":93,"column":16}}]},"17":{"line":93,"type":"binary-expr","locations":[{"start":{"line":93,"column":16},"end":{"line":93,"column":70}},{"start":{"line":93,"column":70},"end":{"line":93,"column":12}}]},"18":{"line":94,"type":"if","locations":[{"start":{"line":94,"column":20},"end":{"line":94,"column":20}},{"start":{"line":94,"column":20},"end":{"line":94,"column":20}}]},"19":{"line":94,"type":"binary-expr","locations":[{"start":{"line":94,"column":20},"end":{"line":94,"column":20}},{"start":{"line":94,"column":67},"end":{"line":94,"column":16}}]},"20":{"line":96,"type":"if","locations":[{"start":{"line":96,"column":23},"end":{"line":96,"column":23}},{"start":{"line":96,"column":23},"end":{"line":96,"column":23}}]},"21":{"line":97,"type":"if","locations":[{"start":{"line":97,"column":23},"end":{"line":97,"column":23}},{"start":{"line":97,"column":23},"end":{"line":97,"column":23}}]},"22":{"line":100,"type":"if","locations":[{"start":{"line":100,"column":24},"end":{"line":100,"column":24}},{"start":{"line":100,"column":24},"end":{"line":100,"column":24}}]},"23":{"line":101,"type":"if","locations":[{"start":{"line":101,"column":28},"end":{"line":101,"column":28}},{"start":{"line":101,"column":28},"end":{"line":101,"column":28}}]},"24":{"line":101,"type":"binary-expr","locations":[{"start":{"line":101,"column":28},"end":{"line":101,"column":28}},{"start":{"line":101,"column":59},"end":{"line":101,"column":24}}]},"25":{"line":105,"type":"if","locations":[{"start":{"line":105,"column":27},"end":{"line":105,"column":27}},{"start":{"line":105,"column":27},"end":{"line":105,"column":27}}]},"26":{"line":106,"type":"if","locations":[{"start":{"line":106,"column":28},"end":{"line":106,"column":28}},{"start":{"line":106,"column":28},"end":{"line":106,"column":28}}]},"27":{"line":113,"type":"if","locations":[{"start":{"line":113,"column":24},"end":{"line":113,"column":24}},{"start":{"line":113,"column":24},"end":{"line":113,"column":24}}]},"28":{"line":117,"type":"if","locations":[{"start":{"line":117,"column":28},"end":{"line":117,"column":28}},{"start":{"line":117,"column":28},"end":{"line":117,"column":28}}]},"29":{"line":117,"type":"binary-expr","locations":[{"start":{"line":117,"column":28},"end":{"line":117,"column":28}},{"start":{"line":117,"column":75},"end":{"line":117,"column":24}}]},"30":{"line":118,"type":"if","locations":[{"start":{"line":118,"column":32},"end":{"line":118,"column":32}},{"start":{"line":118,"column":32},"end":{"line":118,"column":32}}]},"31":{"line":125,"type":"if","locations":[{"start":{"line":125,"column":32},"end":{"line":125,"column":32}},{"start":{"line":125,"column":32},"end":{"line":125,"column":32}}]},"32":{"line":132,"type":"if","locations":[{"start":{"line":132,"column":28},"end":{"line":132,"column":28}},{"start":{"line":132,"column":28},"end":{"line":132,"column":28}}]},"33":{"line":134,"type":"if","locations":[{"start":{"line":134,"column":32},"end":{"line":134,"column":32}},{"start":{"line":134,"column":32},"end":{"line":134,"column":32}}]},"34":{"line":137,"type":"if","locations":[{"start":{"line":137,"column":32},"end":{"line":137,"column":32}},{"start":{"line":137,"column":32},"end":{"line":137,"column":32}}]},"35":{"line":144,"type":"if","locations":[{"start":{"line":144,"column":28},"end":{"line":144,"column":28}},{"start":{"line":144,"column":28},"end":{"line":144,"column":28}}]},"36":{"line":147,"type":"if","locations":[{"start":{"line":147,"column":28},"end":{"line":147,"column":28}},{"start":{"line":147,"column":28},"end":{"line":147,"column":28}}]},"37":{"line":155,"type":"if","locations":[{"start":{"line":155,"column":27},"end":{"line":155,"column":27}},{"start":{"line":155,"column":27},"end":{"line":155,"column":27}}]},"38":{"line":156,"type":"if","locations":[{"start":{"line":156,"column":28},"end":{"line":156,"column":28}},{"start":{"line":156,"column":28},"end":{"line":156,"column":28}}]},"39":{"line":166,"type":"if","locations":[{"start":{"line":166,"column":21},"end":{"line":166,"column":21}},{"start":{"line":166,"column":21},"end":{"line":166,"column":21}}]},"40":{"line":166,"type":"binary-expr","locations":[{"start":{"line":166,"column":21},"end":{"line":166,"column":21}},{"start":{"line":166,"column":68},"end":{"line":166,"column":20}},{"start":{"line":167,"column":21},"end":{"line":167,"column":21}},{"start":{"line":167,"column":68},"end":{"line":166,"column":16}}]},"41":{"line":170,"type":"if","locations":[{"start":{"line":170,"column":24},"end":{"line":170,"column":24}},{"start":{"line":170,"column":24},"end":{"line":170,"column":24}}]},"42":{"line":173,"type":"if","locations":[{"start":{"line":173,"column":24},"end":{"line":173,"column":24}},{"start":{"line":173,"column":24},"end":{"line":173,"column":24}}]},"43":{"line":181,"type":"if","locations":[{"start":{"line":181,"column":23},"end":{"line":181,"column":23}},{"start":{"line":181,"column":23},"end":{"line":181,"column":23}}]},"44":{"line":181,"type":"binary-expr","locations":[{"start":{"line":181,"column":27},"end":{"line":181,"column":27}},{"start":{"line":181,"column":59},"end":{"line":181,"column":23}}]},"45":{"line":184,"type":"if","locations":[{"start":{"line":184,"column":23},"end":{"line":184,"column":23}},{"start":{"line":184,"column":23},"end":{"line":184,"column":23}}]},"46":{"line":184,"type":"binary-expr","locations":[{"start":{"line":184,"column":28},"end":{"line":184,"column":28}},{"start":{"line":184,"column":75},"end":{"line":184,"column":27}},{"start":{"line":185,"column":23},"end":{"line":185,"column":23}},{"start":{"line":186,"column":23},"end":{"line":184,"column":27}}]},"47":{"line":189,"type":"cond-expr","locations":[{"start":{"line":189,"column":26},"end":{"line":188,"column":28}},{"start":{"line":190,"column":26},"end":{"line":188,"column":20}}]},"48":{"line":198,"type":"if","locations":[{"start":{"line":198,"column":24},"end":{"line":198,"column":24}},{"start":{"line":198,"column":24},"end":{"line":198,"column":24}}]},"49":{"line":198,"type":"binary-expr","locations":[{"start":{"line":198,"column":24},"end":{"line":198,"column":65}},{"start":{"line":198,"column":65},"end":{"line":198,"column":20}}]},"50":{"line":204,"type":"if","locations":[{"start":{"line":204,"column":27},"end":{"line":204,"column":27}},{"start":{"line":204,"column":27},"end":{"line":204,"column":27}}]},"51":{"line":204,"type":"binary-expr","locations":[{"start":{"line":204,"column":31},"end":{"line":204,"column":31}},{"start":{"line":204,"column":78},"end":{"line":204,"column":31}},{"start":{"line":204,"column":125},"end":{"line":204,"column":27}}]}}},"/Users/Bailey/Documents/Adynata/tokenizer/non_alpha.es6":{"path":"/Users/Bailey/Documents/Adynata/tokenizer/non_alpha.es6","s":{"1":1,"2":1,"3":1,"4":1,"5":1,"6":1},"b":{},"f":{},"fnMap":{},"statementMap":{"1":{"start":{"line":0,"column":0},"end":{"line":0,"column":0},"skip":true},"2":{"start":{"line":0,"column":0},"end":{"line":0,"column":0},"skip":true},"3":{"start":{"line":1,"column":0},"end":{"line":null,"column":null}},"4":{"start":{"line":2,"column":0},"end":{"line":null,"column":null}},"5":{"start":{"line":4,"column":0},"end":{"line":null,"column":null}},"6":{"start":{"line":32,"column":26},"end":{"line":null,"column":null}}},"branchMap":{}},"/Users/Bailey/Documents/Adynata/states/types.es6":{"path":"/Users/Bailey/Documents/Adynata/states/types.es6","s":{"1":1,"2":1,"3":1,"4":1,"5":23,"6":0,"7":1,"8":23,"9":0,"10":23,"11":1,"12":4,"13":0,"14":4,"15":4,"16":4,"17":1,"18":1,"19":1,"20":2,"21":2,"22":1,"23":1,"24":1,"25":1,"26":4,"27":4,"28":1,"29":1,"30":1,"31":1,"32":10,"33":10,"34":1,"35":1,"36":1,"37":1,"38":7,"39":7,"40":1,"41":1,"42":1,"43":1,"44":1},"b":{"1":[0,23],"2":[0,23],"3":[0,23],"4":[23,0,0],"5":[0,4],"6":[4,0],"7":[4,4],"8":[4,0],"9":[4,0]},"f":{"1":23,"2":23,"3":4,"4":1,"5":2,"6":1,"7":4,"8":1,"9":10,"10":1,"11":7},"fnMap":{"1":{"name":"_classCallCheck","line":0,"loc":{"start":{"line":0,"column":0},"end":{"line":0,"column":0}},"skip":true},"2":{"name":"_possibleConstructorReturn","line":0,"loc":{"start":{"line":0,"column":0},"end":{"line":0,"column":0}},"skip":true},"3":{"name":"_inherits","line":0,"loc":{"start":{"line":0,"column":0},"end":{"line":0,"column":0}},"skip":true},"4":{"name":"(anonymous_4)","line":0,"loc":{"start":{"line":0,"column":0},"end":{"line":0,"column":0}},"skip":true},"5":{"name":"AdynataTokenizerType","line":0,"loc":{"start":{"line":0,"column":0},"end":{"line":0,"column":0}},"skip":true},"6":{"name":"(anonymous_6)","line":0,"loc":{"start":{"line":0,"column":0},"end":{"line":0,"column":0}},"skip":true},"7":{"name":"KeywordStates","line":0,"loc":{"start":{"line":0,"column":0},"end":{"line":0,"column":0}},"skip":true},"8":{"name":"(anonymous_8)","line":0,"loc":{"start":{"line":0,"column":0},"end":{"line":0,"column":0}},"skip":true},"9":{"name":"NonAlphaType","line":0,"loc":{"start":{"line":0,"column":0},"end":{"line":0,"column":0}},"skip":true},"10":{"name":"(anonymous_10)","line":0,"loc":{"start":{"line":0,"column":0},"end":{"line":0,"column":0}},"skip":true},"11":{"name":"AlphaType","line":0,"loc":{"start":{"line":0,"column":0},"end":{"line":0,"column":0}},"skip":true}},"statementMap":{"1":{"start":{"line":0,"column":0},"end":{"line":0,"column":0},"skip":true},"2":{"start":{"line":0,"column":0},"end":{"line":0,"column":0},"skip":true},"3":{"start":{"line":1,"column":0},"end":{"line":null,"column":null}},"4":{"start":{"line":0,"column":0},"end":{"line":0,"column":0},"skip":true},"5":{"start":{"line":0,"column":0},"end":{"line":0,"column":0},"skip":true},"6":{"start":{"line":0,"column":0},"end":{"line":0,"column":0},"skip":true},"7":{"start":{"line":0,"column":0},"end":{"line":0,"column":0},"skip":true},"8":{"start":{"line":0,"column":0},"end":{"line":0,"column":0},"skip":true},"9":{"start":{"line":0,"column":0},"end":{"line":0,"column":0},"skip":true},"10":{"start":{"line":0,"column":0},"end":{"line":0,"column":0},"skip":true},"11":{"start":{"line":0,"column":0},"end":{"line":0,"column":0},"skip":true},"12":{"start":{"line":0,"column":0},"end":{"line":0,"column":0},"skip":true},"13":{"start":{"line":0,"column":0},"end":{"line":0,"column":0},"skip":true},"14":{"start":{"line":0,"column":0},"end":{"line":0,"column":0},"skip":true},"15":{"start":{"line":0,"column":0},"end":{"line":0,"column":0},"skip":true},"16":{"start":{"line":0,"column":0},"end":{"line":0,"column":0},"skip":true},"17":{"start":{"line":3,"column":13},"end":{"line":null,"column":null}},"18":{"start":{"line":0,"column":0},"end":{"line":0,"column":0},"skip":true},"19":{"start":{"line":0,"column":0},"end":{"line":0,"column":0},"skip":true},"20":{"start":{"line":0,"column":0},"end":{"line":0,"column":0},"skip":true},"21":{"start":{"line":0,"column":0},"end":{"line":0,"column":0},"skip":true},"22":{"start":{"line":0,"column":0},"end":{"line":0,"column":0},"skip":true},"23":{"start":{"line":4,"column":13},"end":{"line":null,"column":null}},"24":{"start":{"line":0,"column":0},"end":{"line":0,"column":0},"skip":true},"25":{"start":{"line":0,"column":0},"end":{"line":0,"column":0},"skip":true},"26":{"start":{"line":0,"column":0},"end":{"line":0,"column":0},"skip":true},"27":{"start":{"line":0,"column":0},"end":{"line":0,"column":0},"skip":true},"28":{"start":{"line":0,"column":0},"end":{"line":0,"column":0},"skip":true},"29":{"start":{"line":5,"column":13},"end":{"line":null,"column":null}},"30":{"start":{"line":0,"column":0},"end":{"line":0,"column":0},"skip":true},"31":{"start":{"line":0,"column":0},"end":{"line":0,"column":0},"skip":true},"32":{"start":{"line":0,"column":0},"end":{"line":0,"column":0},"skip":true},"33":{"start":{"line":0,"column":0},"end":{"line":0,"column":0},"skip":true},"34":{"start":{"line":0,"column":0},"end":{"line":0,"column":0},"skip":true},"35":{"start":{"line":6,"column":13},"end":{"line":null,"column":null}},"36":{"start":{"line":0,"column":0},"end":{"line":0,"column":0},"skip":true},"37":{"start":{"line":0,"column":0},"end":{"line":0,"column":0},"skip":true},"38":{"start":{"line":0,"column":0},"end":{"line":0,"column":0},"skip":true},"39":{"start":{"line":0,"column":0},"end":{"line":0,"column":0},"skip":true},"40":{"start":{"line":0,"column":0},"end":{"line":0,"column":0},"skip":true},"41":{"start":{"line":8,"column":0},"end":{"line":null,"column":null}},"42":{"start":{"line":9,"column":0},"end":{"line":null,"column":null}},"43":{"start":{"line":10,"column":0},"end":{"line":null,"column":null}},"44":{"start":{"line":11,"column":0},"end":{"line":null,"column":null}}},"branchMap":{"1":{"line":0,"type":"if","locations":[{"start":{"line":0,"column":0},"end":{"line":0,"column":0},"skip":true},{"start":{"line":0,"column":0},"end":{"line":0,"column":0},"skip":true}]},"2":{"line":0,"type":"if","locations":[{"start":{"line":0,"column":0},"end":{"line":0,"column":0},"skip":true},{"start":{"line":0,"column":0},"end":{"line":0,"column":0},"skip":true}]},"3":{"line":0,"type":"cond-expr","locations":[{"start":{"line":0,"column":0},"end":{"line":0,"column":0},"skip":true},{"start":{"line":0,"column":0},"end":{"line":0,"column":0},"skip":true}]},"4":{"line":0,"type":"binary-expr","locations":[{"start":{"line":0,"column":0},"end":{"line":0,"column":0},"skip":true},{"start":{"line":0,"column":0},"end":{"line":0,"column":0},"skip":true},{"start":{"line":0,"column":0},"end":{"line":0,"column":0},"skip":true}]},"5":{"line":0,"type":"if","locations":[{"start":{"line":0,"column":0},"end":{"line":0,"column":0},"skip":true},{"start":{"line":0,"column":0},"end":{"line":0,"column":0},"skip":true}]},"6":{"line":0,"type":"binary-expr","locations":[{"start":{"line":0,"column":0},"end":{"line":0,"column":0},"skip":true},{"start":{"line":0,"column":0},"end":{"line":0,"column":0},"skip":true}]},"7":{"line":0,"type":"binary-expr","locations":[{"start":{"line":0,"column":0},"end":{"line":0,"column":0},"skip":true},{"start":{"line":0,"column":0},"end":{"line":0,"column":0},"skip":true}]},"8":{"line":0,"type":"if","locations":[{"start":{"line":0,"column":0},"end":{"line":0,"column":0},"skip":true},{"start":{"line":0,"column":0},"end":{"line":0,"column":0},"skip":true}]},"9":{"line":0,"type":"cond-expr","locations":[{"start":{"line":0,"column":0},"end":{"line":0,"column":0},"skip":true},{"start":{"line":0,"column":0},"end":{"line":0,"column":0},"skip":true}]}}},"/Users/Bailey/Documents/Adynata/tokenizer/types.es6":{"path":"/Users/Bailey/Documents/Adynata/tokenizer/types.es6","s":{"1":1,"2":1,"3":1,"4":1,"5":2,"6":5,"7":5,"8":5,"9":5,"10":0,"11":5,"12":1,"13":2,"14":2,"15":2,"16":0,"17":2,"18":1,"19":0,"20":0,"21":0,"22":0,"23":0,"24":0,"25":0,"26":0,"27":0,"28":0,"29":0,"30":1,"31":0,"32":0,"33":0,"34":0,"35":0,"36":0,"37":0,"38":0,"39":0,"40":0,"41":0,"42":0,"43":0,"44":0,"45":1,"46":1,"47":28,"48":0,"49":28,"50":1,"51":2,"52":0,"53":2,"54":2,"55":2,"56":1,"57":56,"58":0,"59":1,"60":28,"61":28,"62":28,"63":28,"64":28,"65":18,"66":18,"67":10,"68":10,"69":1,"70":1,"71":1,"72":18,"73":18,"74":0,"75":18,"76":0,"77":18,"78":1,"79":0,"80":0,"81":0,"82":0,"83":0,"84":0,"85":1,"86":1,"87":1,"88":1,"89":10,"90":10,"91":0,"92":10,"93":10,"94":0,"95":10,"96":1,"97":0,"98":0,"99":0,"100":0,"101":1},"b":{"1":[5,5],"2":[0,5],"3":[2,0],"4":[0,2],"5":[0,0],"6":[0,0],"7":[0,0],"8":[0,0],"9":[0,0],"10":[0,0],"11":[0,0],"12":[0,0],"13":[0,0],"14":[0,0],"15":[0,28],"16":[0,28],"17":[28,0,0],"18":[0,2],"19":[2,0],"20":[2,2],"21":[2,0],"22":[2,0],"23":[0,56],"24":[18,10],"25":[0,18],"26":[0,18],"27":[0,10],"28":[10,6]},"f":{"1":1,"2":2,"3":2,"4":0,"5":0,"6":28,"7":2,"8":56,"9":28,"10":1,"11":18,"12":0,"13":0,"14":0,"15":0,"16":0,"17":0,"18":1,"19":10,"20":0,"21":0,"22":0,"23":0,"24":0},"fnMap":{"1":{"name":"(anonymous_1)","line":0,"loc":{"start":{"line":0,"column":0},"end":{"line":0,"column":0}},"skip":true},"2":{"name":"defineProperties","line":0,"loc":{"start":{"line":0,"column":0},"end":{"line":0,"column":0}},"skip":true},"3":{"name":"(anonymous_3)","line":0,"loc":{"start":{"line":0,"column":0},"end":{"line":0,"column":0}},"skip":true},"4":{"name":"set","line":0,"loc":{"start":{"line":0,"column":0},"end":{"line":0,"column":0}},"skip":true},"5":{"name":"get","line":0,"loc":{"start":{"line":0,"column":0},"end":{"line":0,"column":0}},"skip":true},"6":{"name":"_possibleConstructorReturn","line":0,"loc":{"start":{"line":0,"column":0},"end":{"line":0,"column":0}},"skip":true},"7":{"name":"_inherits","line":0,"loc":{"start":{"line":0,"column":0},"end":{"line":0,"column":0}},"skip":true},"8":{"name":"_classCallCheck","line":0,"loc":{"start":{"line":0,"column":0},"end":{"line":0,"column":0}},"skip":true},"9":{"name":"AdynataTokenizerKeyword","line":4,"loc":{"start":{"line":4,"column":4},"end":{"line":4,"column":52}}},"10":{"name":"(anonymous_10)","line":0,"loc":{"start":{"line":0,"column":0},"end":{"line":0,"column":0}},"skip":true},"11":{"name":"NonAlpha","line":19,"loc":{"start":{"line":19,"column":16},"end":{"line":19,"column":39}}},"12":{"name":"get","line":28,"loc":{"start":{"line":28,"column":19},"end":{"line":28,"column":19}}},"13":{"name":"set","line":37,"loc":{"start":{"line":37,"column":18},"end":{"line":37,"column":28}}},"14":{"name":"get","line":31,"loc":{"start":{"line":31,"column":14},"end":{"line":31,"column":14}}},"15":{"name":"set","line":34,"loc":{"start":{"line":34,"column":13},"end":{"line":34,"column":18}}},"16":{"name":"get","line":40,"loc":{"start":{"line":40,"column":15},"end":{"line":40,"column":15}}},"17":{"name":"set","line":43,"loc":{"start":{"line":43,"column":14},"end":{"line":43,"column":20}}},"18":{"name":"(anonymous_18)","line":0,"loc":{"start":{"line":0,"column":0},"end":{"line":0,"column":0}},"skip":true},"19":{"name":"Alpha","line":48,"loc":{"start":{"line":48,"column":16},"end":{"line":48,"column":45}}},"20":{"name":"(anonymous_20)","line":53,"loc":{"start":{"line":53,"column":38},"end":{"line":53,"column":48}}},"21":{"name":"get","line":55,"loc":{"start":{"line":55,"column":19},"end":{"line":55,"column":19}}},"22":{"name":"set","line":64,"loc":{"start":{"line":64,"column":18},"end":{"line":64,"column":29}}},"23":{"name":"get","line":58,"loc":{"start":{"line":58,"column":14},"end":{"line":58,"column":14}}},"24":{"name":"set","line":61,"loc":{"start":{"line":61,"column":13},"end":{"line":61,"column":18}}}},"statementMap":{"1":{"start":{"line":0,"column":0},"end":{"line":0,"column":0},"skip":true},"2":{"start":{"line":0,"column":0},"end":{"line":0,"column":0},"skip":true},"3":{"start":{"line":0,"column":0},"end":{"line":0,"column":0},"skip":true},"4":{"start":{"line":0,"column":0},"end":{"line":0,"column":0},"skip":true},"5":{"start":{"line":0,"column":0},"end":{"line":0,"column":0},"skip":true},"6":{"start":{"line":0,"column":0},"end":{"line":0,"column":0},"skip":true},"7":{"start":{"line":0,"column":0},"end":{"line":0,"column":0},"skip":true},"8":{"start":{"line":0,"column":0},"end":{"line":0,"column":0},"skip":true},"9":{"start":{"line":0,"column":0},"end":{"line":0,"column":0},"skip":true},"10":{"start":{"line":0,"column":0},"end":{"line":0,"column":0},"skip":true},"11":{"start":{"line":0,"column":0},"end":{"line":0,"column":0},"skip":true},"12":{"start":{"line":0,"column":0},"end":{"line":0,"column":0},"skip":true},"13":{"start":{"line":0,"column":0},"end":{"line":0,"column":0},"skip":true},"14":{"start":{"line":0,"column":0},"end":{"line":0,"column":0},"skip":true},"15":{"start":{"line":0,"column":0},"end":{"line":0,"column":0},"skip":true},"16":{"start":{"line":0,"column":0},"end":{"line":0,"column":0},"skip":true},"17":{"start":{"line":0,"column":0},"end":{"line":0,"column":0},"skip":true},"18":{"start":{"line":0,"column":0},"end":{"line":0,"column":0},"skip":true},"19":{"start":{"line":0,"column":0},"end":{"line":0,"column":0},"skip":true},"20":{"start":{"line":0,"column":0},"end":{"line":0,"column":0},"skip":true},"21":{"start":{"line":0,"column":0},"end":{"line":0,"column":0},"skip":true},"22":{"start":{"line":0,"column":0},"end":{"line":0,"column":0},"skip":true},"23":{"start":{"line":0,"column":0},"end":{"line":0,"column":0},"skip":true},"24":{"start":{"line":0,"column":0},"end":{"line":0,"column":0},"skip":true},"25":{"start":{"line":0,"column":0},"end":{"line":0,"column":0},"skip":true},"26":{"start":{"line":0,"column":0},"end":{"line":0,"column":0},"skip":true},"27":{"start":{"line":0,"column":0},"end":{"line":0,"column":0},"skip":true},"28":{"start":{"line":0,"column":0},"end":{"line":0,"column":0},"skip":true},"29":{"start":{"line":0,"column":0},"end":{"line":0,"column":0},"skip":true},"30":{"start":{"line":0,"column":0},"end":{"line":0,"column":0},"skip":true},"31":{"start":{"line":0,"column":0},"end":{"line":0,"column":0},"skip":true},"32":{"start":{"line":0,"column":0},"end":{"line":0,"column":0},"skip":true},"33":{"start":{"line":0,"column":0},"end":{"line":0,"column":0},"skip":true},"34":{"start":{"line":0,"column":0},"end":{"line":0,"column":0},"skip":true},"35":{"start":{"line":0,"column":0},"end":{"line":0,"column":0},"skip":true},"36":{"start":{"line":0,"column":0},"end":{"line":0,"column":0},"skip":true},"37":{"start":{"line":0,"column":0},"end":{"line":0,"column":0},"skip":true},"38":{"start":{"line":0,"column":0},"end":{"line":0,"column":0},"skip":true},"39":{"start":{"line":0,"column":0},"end":{"line":0,"column":0},"skip":true},"40":{"start":{"line":0,"column":0},"end":{"line":0,"column":0},"skip":true},"41":{"start":{"line":0,"column":0},"end":{"line":0,"column":0},"skip":true},"42":{"start":{"line":0,"column":0},"end":{"line":0,"column":0},"skip":true},"43":{"start":{"line":0,"column":0},"end":{"line":0,"column":0},"skip":true},"44":{"start":{"line":0,"column":0},"end":{"line":0,"column":0},"skip":true},"45":{"start":{"line":1,"column":0},"end":{"line":null,"column":null}},"46":{"start":{"line":0,"column":0},"end":{"line":0,"column":0},"skip":true},"47":{"start":{"line":0,"column":0},"end":{"line":0,"column":0},"skip":true},"48":{"start":{"line":0,"column":0},"end":{"line":0,"column":0},"skip":true},"49":{"start":{"line":0,"column":0},"end":{"line":0,"column":0},"skip":true},"50":{"start":{"line":0,"column":0},"end":{"line":0,"column":0},"skip":true},"51":{"start":{"line":0,"column":0},"end":{"line":0,"column":0},"skip":true},"52":{"start":{"line":0,"column":0},"end":{"line":0,"column":0},"skip":true},"53":{"start":{"line":0,"column":0},"end":{"line":0,"column":0},"skip":true},"54":{"start":{"line":0,"column":0},"end":{"line":0,"column":0},"skip":true},"55":{"start":{"line":0,"column":0},"end":{"line":0,"column":0},"skip":true},"56":{"start":{"line":0,"column":0},"end":{"line":0,"column":0},"skip":true},"57":{"start":{"line":0,"column":0},"end":{"line":0,"column":0},"skip":true},"58":{"start":{"line":0,"column":0},"end":{"line":0,"column":0},"skip":true},"59":{"start":{"line":3,"column":13},"end":{"line":null,"column":null}},"60":{"start":{"line":0,"column":0},"end":{"line":0,"column":0},"skip":true},"61":{"start":{"line":5,"column":13},"end":{"line":null,"column":null}},"62":{"start":{"line":6,"column":13},"end":{"line":null,"column":null}},"63":{"start":{"line":7,"column":13},"end":{"line":null,"column":null}},"64":{"start":{"line":8,"column":16},"end":{"line":null,"column":null}},"65":{"start":{"line":10,"column":21},"end":{"line":null,"column":null}},"66":{"start":{"line":0,"column":0},"end":{"line":0,"column":0},"skip":true},"67":{"start":{"line":13,"column":21},"end":{"line":null,"column":null}},"68":{"start":{"line":0,"column":0},"end":{"line":0,"column":0},"skip":true},"69":{"start":{"line":18,"column":13},"end":{"line":null,"column":null}},"70":{"start":{"line":0,"column":0},"end":{"line":0,"column":0},"skip":true},"71":{"start":{"line":19,"column":16},"end":{"line":null,"column":null}},"72":{"start":{"line":0,"column":0},"end":{"line":0,"column":0},"skip":true},"73":{"start":{"line":20,"column":12},"end":{"line":null,"column":null}},"74":{"start":{"line":21,"column":19},"end":{"line":null,"column":null}},"75":{"start":{"line":23,"column":12},"end":{"line":null,"column":null}},"76":{"start":{"line":24,"column":20},"end":{"line":null,"column":null}},"77":{"start":{"line":26,"column":14},"end":{"line":null,"column":null}},"78":{"start":{"line":0,"column":0},"end":{"line":0,"column":0},"skip":true},"79":{"start":{"line":0,"column":0},"end":{"line":0,"column":0},"skip":true},"80":{"start":{"line":38,"column":26},"end":{"line":null,"column":null}},"81":{"start":{"line":0,"column":0},"end":{"line":0,"column":0},"skip":true},"82":{"start":{"line":35,"column":21},"end":{"line":null,"column":null}},"83":{"start":{"line":0,"column":0},"end":{"line":0,"column":0},"skip":true},"84":{"start":{"line":44,"column":22},"end":{"line":null,"column":null}},"85":{"start":{"line":0,"column":0},"end":{"line":0,"column":0},"skip":true},"86":{"start":{"line":47,"column":13},"end":{"line":null,"column":null}},"87":{"start":{"line":0,"column":0},"end":{"line":0,"column":0},"skip":true},"88":{"start":{"line":48,"column":16},"end":{"line":null,"column":null}},"89":{"start":{"line":0,"column":0},"end":{"line":0,"column":0},"skip":true},"90":{"start":{"line":49,"column":12},"end":{"line":null,"column":null}},"91":{"start":{"line":50,"column":19},"end":{"line":null,"column":null}},"92":{"start":{"line":52,"column":14},"end":{"line":null,"column":null}},"93":{"start":{"line":53,"column":13},"end":{"line":null,"column":null}},"94":{"start":{"line":53,"column":57},"end":{"line":null,"column":null}},"95":{"start":{"line":0,"column":0},"end":{"line":0,"column":0},"skip":true},"96":{"start":{"line":0,"column":0},"end":{"line":0,"column":0},"skip":true},"97":{"start":{"line":0,"column":0},"end":{"line":0,"column":0},"skip":true},"98":{"start":{"line":65,"column":26},"end":{"line":null,"column":null}},"99":{"start":{"line":0,"column":0},"end":{"line":0,"column":0},"skip":true},"100":{"start":{"line":62,"column":21},"end":{"line":null,"column":null}},"101":{"start":{"line":0,"column":0},"end":{"line":0,"column":0},"skip":true}},"branchMap":{"1":{"line":0,"type":"binary-expr","locations":[{"start":{"line":0,"column":0},"end":{"line":0,"column":0},"skip":true},{"start":{"line":0,"column":0},"end":{"line":0,"column":0},"skip":true}]},"2":{"line":0,"type":"if","locations":[{"start":{"line":0,"column":0},"end":{"line":0,"column":0},"skip":true},{"start":{"line":0,"column":0},"end":{"line":0,"column":0},"skip":true}]},"3":{"line":0,"type":"if","locations":[{"start":{"line":0,"column":0},"end":{"line":0,"column":0},"skip":true},{"start":{"line":0,"column":0},"end":{"line":0,"column":0},"skip":true}]},"4":{"line":0,"type":"if","locations":[{"start":{"line":0,"column":0},"end":{"line":0,"column":0},"skip":true},{"start":{"line":0,"column":0},"end":{"line":0,"column":0},"skip":true}]},"5":{"line":0,"type":"if","locations":[{"start":{"line":0,"column":0},"end":{"line":0,"column":0},"skip":true},{"start":{"line":0,"column":0},"end":{"line":0,"column":0},"skip":true}]},"6":{"line":0,"type":"if","locations":[{"start":{"line":0,"column":0},"end":{"line":0,"column":0},"skip":true},{"start":{"line":0,"column":0},"end":{"line":0,"column":0},"skip":true}]},"7":{"line":0,"type":"if","locations":[{"start":{"line":0,"column":0},"end":{"line":0,"column":0},"skip":true},{"start":{"line":0,"column":0},"end":{"line":0,"column":0},"skip":true}]},"8":{"line":0,"type":"binary-expr","locations":[{"start":{"line":0,"column":0},"end":{"line":0,"column":0},"skip":true},{"start":{"line":0,"column":0},"end":{"line":0,"column":0},"skip":true}]},"9":{"line":0,"type":"if","locations":[{"start":{"line":0,"column":0},"end":{"line":0,"column":0},"skip":true},{"start":{"line":0,"column":0},"end":{"line":0,"column":0},"skip":true}]},"10":{"line":0,"type":"if","locations":[{"start":{"line":0,"column":0},"end":{"line":0,"column":0},"skip":true},{"start":{"line":0,"column":0},"end":{"line":0,"column":0},"skip":true}]},"11":{"line":0,"type":"if","locations":[{"start":{"line":0,"column":0},"end":{"line":0,"column":0},"skip":true},{"start":{"line":0,"column":0},"end":{"line":0,"column":0},"skip":true}]},"12":{"line":0,"type":"if","locations":[{"start":{"line":0,"column":0},"end":{"line":0,"column":0},"skip":true},{"start":{"line":0,"column":0},"end":{"line":0,"column":0},"skip":true}]},"13":{"line":0,"type":"if","locations":[{"start":{"line":0,"column":0},"end":{"line":0,"column":0},"skip":true},{"start":{"line":0,"column":0},"end":{"line":0,"column":0},"skip":true}]},"14":{"line":0,"type":"if","locations":[{"start":{"line":0,"column":0},"end":{"line":0,"column":0},"skip":true},{"start":{"line":0,"column":0},"end":{"line":0,"column":0},"skip":true}]},"15":{"line":0,"type":"if","locations":[{"start":{"line":0,"column":0},"end":{"line":0,"column":0},"skip":true},{"start":{"line":0,"column":0},"end":{"line":0,"column":0},"skip":true}]},"16":{"line":0,"type":"cond-expr","locations":[{"start":{"line":0,"column":0},"end":{"line":0,"column":0},"skip":true},{"start":{"line":0,"column":0},"end":{"line":0,"column":0},"skip":true}]},"17":{"line":0,"type":"binary-expr","locations":[{"start":{"line":0,"column":0},"end":{"line":0,"column":0},"skip":true},{"start":{"line":0,"column":0},"end":{"line":0,"column":0},"skip":true},{"start":{"line":0,"column":0},"end":{"line":0,"column":0},"skip":true}]},"18":{"line":0,"type":"if","locations":[{"start":{"line":0,"column":0},"end":{"line":0,"column":0},"skip":true},{"start":{"line":0,"column":0},"end":{"line":0,"column":0},"skip":true}]},"19":{"line":0,"type":"binary-expr","locations":[{"start":{"line":0,"column":0},"end":{"line":0,"column":0},"skip":true},{"start":{"line":0,"column":0},"end":{"line":0,"column":0},"skip":true}]},"20":{"line":0,"type":"binary-expr","locations":[{"start":{"line":0,"column":0},"end":{"line":0,"column":0},"skip":true},{"start":{"line":0,"column":0},"end":{"line":0,"column":0},"skip":true}]},"21":{"line":0,"type":"if","locations":[{"start":{"line":0,"column":0},"end":{"line":0,"column":0},"skip":true},{"start":{"line":0,"column":0},"end":{"line":0,"column":0},"skip":true}]},"22":{"line":0,"type":"cond-expr","locations":[{"start":{"line":0,"column":0},"end":{"line":0,"column":0},"skip":true},{"start":{"line":0,"column":0},"end":{"line":0,"column":0},"skip":true}]},"23":{"line":0,"type":"if","locations":[{"start":{"line":0,"column":0},"end":{"line":0,"column":0},"skip":true},{"start":{"line":0,"column":0},"end":{"line":0,"column":0},"skip":true}]},"24":{"line":9,"type":"switch","locations":[{"start":{"line":9,"column":17},"end":{"line":null,"column":null}},{"start":{"line":12,"column":17},"end":{"line":null,"column":null}}]},"25":{"line":20,"type":"if","locations":[{"start":{"line":20,"column":12},"end":{"line":20,"column":12}},{"start":{"line":20,"column":12},"end":{"line":20,"column":12}}]},"26":{"line":23,"type":"if","locations":[{"start":{"line":23,"column":12},"end":{"line":23,"column":12}},{"start":{"line":23,"column":12},"end":{"line":23,"column":12}}]},"27":{"line":49,"type":"if","locations":[{"start":{"line":49,"column":12},"end":{"line":49,"column":12}},{"start":{"line":49,"column":12},"end":{"line":49,"column":12}}]},"28":{"line":53,"type":"binary-expr","locations":[{"start":{"line":53,"column":23},"end":{"line":53,"column":38}},{"start":{"line":53,"column":38},"end":{"line":53,"column":8}}]}}},"/Users/Bailey/Documents/Adynata/tokenizer/alpha.es6":{"path":"/Users/Bailey/Documents/Adynata/tokenizer/alpha.es6","s":{"1":1,"2":1,"3":1,"4":1,"5":1,"6":12,"7":9,"8":0,"9":0,"10":1},"b":{"1":[9,9,3]},"f":{"1":12,"2":9,"3":0,"4":0},"fnMap":{"1":{"name":"(anonymous_1)","line":7,"loc":{"start":{"line":7,"column":43},"end":{"line":null,"column":null}}},"2":{"name":"(anonymous_2)","line":8,"loc":{"start":{"line":8,"column":46},"end":{"line":null,"column":null}}},"3":{"name":"(anonymous_3)","line":10,"loc":{"start":{"line":10,"column":46},"end":{"line":null,"column":null}}},"4":{"name":"(anonymous_4)","line":11,"loc":{"start":{"line":11,"column":45},"end":{"line":null,"column":null}}}},"statementMap":{"1":{"start":{"line":0,"column":0},"end":{"line":0,"column":0},"skip":true},"2":{"start":{"line":0,"column":0},"end":{"line":0,"column":0},"skip":true},"3":{"start":{"line":1,"column":0},"end":{"line":null,"column":null}},"4":{"start":{"line":2,"column":0},"end":{"line":null,"column":null}},"5":{"start":{"line":4,"column":0},"end":{"line":null,"column":null}},"6":{"start":{"line":7,"column":54},"end":{"line":null,"column":null}},"7":{"start":{"line":8,"column":57},"end":{"line":null,"column":null}},"8":{"start":{"line":10,"column":57},"end":{"line":null,"column":null}},"9":{"start":{"line":11,"column":56},"end":{"line":null,"column":null}},"10":{"start":{"line":17,"column":23},"end":{"line":null,"column":null}}},"branchMap":{"1":{"line":8,"type":"binary-expr","locations":[{"start":{"line":8,"column":57},"end":{"line":8,"column":75}},{"start":{"line":8,"column":75},"end":{"line":8,"column":100}},{"start":{"line":8,"column":100},"end":{"line":8,"column":57}}]}}},"/Users/Bailey/Documents/Adynata/error.es6":{"path":"/Users/Bailey/Documents/Adynata/error.es6","s":{"1":1,"2":1,"3":1,"4":1,"5":1,"6":1,"7":6,"8":0,"9":1,"10":12,"11":0,"12":12,"13":1,"14":1,"15":0,"16":1,"17":1,"18":1,"19":1,"20":1,"21":1,"22":6,"23":6,"24":6,"25":6,"26":1,"27":1},"b":{"1":[0,1],"2":[1,1],"3":[0,6],"4":[0,12],"5":[0,12],"6":[12,0,0],"7":[0,1],"8":[1,0],"9":[1,1],"10":[1,0],"11":[1,0],"12":[6,0],"13":[6,6]},"f":{"1":1,"2":6,"3":12,"4":1,"5":1,"6":6},"fnMap":{"1":{"name":"_interopRequireDefault","line":0,"loc":{"start":{"line":0,"column":0},"end":{"line":0,"column":0}},"skip":true},"2":{"name":"_classCallCheck","line":0,"loc":{"start":{"line":0,"column":0},"end":{"line":0,"column":0}},"skip":true},"3":{"name":"_possibleConstructorReturn","line":0,"loc":{"start":{"line":0,"column":0},"end":{"line":0,"column":0}},"skip":true},"4":{"name":"_inherits","line":0,"loc":{"start":{"line":0,"column":0},"end":{"line":0,"column":0}},"skip":true},"5":{"name":"(anonymous_5)","line":0,"loc":{"start":{"line":0,"column":0},"end":{"line":0,"column":0}},"skip":true},"6":{"name":"AdynataError","line":4,"loc":{"start":{"line":4,"column":16},"end":{"line":4,"column":40}}}},"statementMap":{"1":{"start":{"line":0,"column":0},"end":{"line":0,"column":0},"skip":true},"2":{"start":{"line":1,"column":0},"end":{"line":null,"column":null}},"3":{"start":{"line":0,"column":0},"end":{"line":0,"column":0},"skip":true},"4":{"start":{"line":0,"column":0},"end":{"line":0,"column":0},"skip":true},"5":{"start":{"line":0,"column":0},"end":{"line":0,"column":0},"skip":true},"6":{"start":{"line":0,"column":0},"end":{"line":0,"column":0},"skip":true},"7":{"start":{"line":0,"column":0},"end":{"line":0,"column":0},"skip":true},"8":{"start":{"line":0,"column":0},"end":{"line":0,"column":0},"skip":true},"9":{"start":{"line":0,"column":0},"end":{"line":0,"column":0},"skip":true},"10":{"start":{"line":0,"column":0},"end":{"line":0,"column":0},"skip":true},"11":{"start":{"line":0,"column":0},"end":{"line":0,"column":0},"skip":true},"12":{"start":{"line":0,"column":0},"end":{"line":0,"column":0},"skip":true},"13":{"start":{"line":0,"column":0},"end":{"line":0,"column":0},"skip":true},"14":{"start":{"line":0,"column":0},"end":{"line":0,"column":0},"skip":true},"15":{"start":{"line":0,"column":0},"end":{"line":0,"column":0},"skip":true},"16":{"start":{"line":0,"column":0},"end":{"line":0,"column":0},"skip":true},"17":{"start":{"line":0,"column":0},"end":{"line":0,"column":0},"skip":true},"18":{"start":{"line":0,"column":0},"end":{"line":0,"column":0},"skip":true},"19":{"start":{"line":3,"column":21},"end":{"line":null,"column":null}},"20":{"start":{"line":0,"column":0},"end":{"line":0,"column":0},"skip":true},"21":{"start":{"line":4,"column":16},"end":{"line":null,"column":null}},"22":{"start":{"line":0,"column":0},"end":{"line":0,"column":0},"skip":true},"23":{"start":{"line":5,"column":12},"end":{"line":null,"column":null}},"24":{"start":{"line":6,"column":21},"end":{"line":null,"column":null}},"25":{"start":{"line":0,"column":0},"end":{"line":0,"column":0},"skip":true},"26":{"start":{"line":0,"column":0},"end":{"line":0,"column":0},"skip":true},"27":{"start":{"line":3,"column":21},"end":{"line":null,"column":null}}},"branchMap":{"1":{"line":0,"type":"cond-expr","locations":[{"start":{"line":0,"column":0},"end":{"line":0,"column":0},"skip":true},{"start":{"line":0,"column":0},"end":{"line":0,"column":0},"skip":true}]},"2":{"line":0,"type":"binary-expr","locations":[{"start":{"line":0,"column":0},"end":{"line":0,"column":0},"skip":true},{"start":{"line":0,"column":0},"end":{"line":0,"column":0},"skip":true}]},"3":{"line":0,"type":"if","locations":[{"start":{"line":0,"column":0},"end":{"line":0,"column":0},"skip":true},{"start":{"line":0,"column":0},"end":{"line":0,"column":0},"skip":true}]},"4":{"line":0,"type":"if","locations":[{"start":{"line":0,"column":0},"end":{"line":0,"column":0},"skip":true},{"start":{"line":0,"column":0},"end":{"line":0,"column":0},"skip":true}]},"5":{"line":0,"type":"cond-expr","locations":[{"start":{"line":0,"column":0},"end":{"line":0,"column":0},"skip":true},{"start":{"line":0,"column":0},"end":{"line":0,"column":0},"skip":true}]},"6":{"line":0,"type":"binary-expr","locations":[{"start":{"line":0,"column":0},"end":{"line":0,"column":0},"skip":true},{"start":{"line":0,"column":0},"end":{"line":0,"column":0},"skip":true},{"start":{"line":0,"column":0},"end":{"line":0,"column":0},"skip":true}]},"7":{"line":0,"type":"if","locations":[{"start":{"line":0,"column":0},"end":{"line":0,"column":0},"skip":true},{"start":{"line":0,"column":0},"end":{"line":0,"column":0},"skip":true}]},"8":{"line":0,"type":"binary-expr","locations":[{"start":{"line":0,"column":0},"end":{"line":0,"column":0},"skip":true},{"start":{"line":0,"column":0},"end":{"line":0,"column":0},"skip":true}]},"9":{"line":0,"type":"binary-expr","locations":[{"start":{"line":0,"column":0},"end":{"line":0,"column":0},"skip":true},{"start":{"line":0,"column":0},"end":{"line":0,"column":0},"skip":true}]},"10":{"line":0,"type":"if","locations":[{"start":{"line":0,"column":0},"end":{"line":0,"column":0},"skip":true},{"start":{"line":0,"column":0},"end":{"line":0,"column":0},"skip":true}]},"11":{"line":0,"type":"cond-expr","locations":[{"start":{"line":0,"column":0},"end":{"line":0,"column":0},"skip":true},{"start":{"line":0,"column":0},"end":{"line":0,"column":0},"skip":true}]},"12":{"line":5,"type":"if","locations":[{"start":{"line":5,"column":12},"end":{"line":5,"column":12}},{"start":{"line":5,"column":12},"end":{"line":5,"column":12}}]},"13":{"line":6,"type":"binary-expr","locations":[{"start":{"line":6,"column":21},"end":{"line":6,"column":34}},{"start":{"line":6,"column":34},"end":{"line":5,"column":25}}]}}},"/Users/Bailey/Documents/Adynata/states/tokenizer.es6":{"path":"/Users/Bailey/Documents/Adynata/states/tokenizer.es6","s":{"1":1,"2":1,"3":1,"4":1,"5":11,"6":0,"7":1,"8":11,"9":0,"10":11,"11":1,"12":2,"13":0,"14":2,"15":2,"16":2,"17":1,"18":1,"19":1,"20":8,"21":8,"22":1,"23":1,"24":1,"25":1,"26":3,"27":3,"28":1,"29":1,"30":1},"b":{"1":[0,11],"2":[0,11],"3":[0,11],"4":[11,0,0],"5":[0,2],"6":[2,0],"7":[2,2],"8":[2,0],"9":[2,0]},"f":{"1":11,"2":11,"3":2,"4":1,"5":8,"6":1,"7":3},"fnMap":{"1":{"name":"_classCallCheck","line":0,"loc":{"start":{"line":0,"column":0},"end":{"line":0,"column":0}},"skip":true},"2":{"name":"_possibleConstructorReturn","line":0,"loc":{"start":{"line":0,"column":0},"end":{"line":0,"column":0}},"skip":true},"3":{"name":"_inherits","line":0,"loc":{"start":{"line":0,"column":0},"end":{"line":0,"column":0}},"skip":true},"4":{"name":"(anonymous_4)","line":0,"loc":{"start":{"line":0,"column":0},"end":{"line":0,"column":0}},"skip":true},"5":{"name":"CurrentState","line":0,"loc":{"start":{"line":0,"column":0},"end":{"line":0,"column":0}},"skip":true},"6":{"name":"(anonymous_6)","line":0,"loc":{"start":{"line":0,"column":0},"end":{"line":0,"column":0}},"skip":true},"7":{"name":"LiteralState","line":0,"loc":{"start":{"line":0,"column":0},"end":{"line":0,"column":0}},"skip":true}},"statementMap":{"1":{"start":{"line":0,"column":0},"end":{"line":0,"column":0},"skip":true},"2":{"start":{"line":0,"column":0},"end":{"line":0,"column":0},"skip":true},"3":{"start":{"line":1,"column":0},"end":{"line":null,"column":null}},"4":{"start":{"line":0,"column":0},"end":{"line":0,"column":0},"skip":true},"5":{"start":{"line":0,"column":0},"end":{"line":0,"column":0},"skip":true},"6":{"start":{"line":0,"column":0},"end":{"line":0,"column":0},"skip":true},"7":{"start":{"line":0,"column":0},"end":{"line":0,"column":0},"skip":true},"8":{"start":{"line":0,"column":0},"end":{"line":0,"column":0},"skip":true},"9":{"start":{"line":0,"column":0},"end":{"line":0,"column":0},"skip":true},"10":{"start":{"line":0,"column":0},"end":{"line":0,"column":0},"skip":true},"11":{"start":{"line":0,"column":0},"end":{"line":0,"column":0},"skip":true},"12":{"start":{"line":0,"column":0},"end":{"line":0,"column":0},"skip":true},"13":{"start":{"line":0,"column":0},"end":{"line":0,"column":0},"skip":true},"14":{"start":{"line":0,"column":0},"end":{"line":0,"column":0},"skip":true},"15":{"start":{"line":0,"column":0},"end":{"line":0,"column":0},"skip":true},"16":{"start":{"line":0,"column":0},"end":{"line":0,"column":0},"skip":true},"17":{"start":{"line":3,"column":13},"end":{"line":null,"column":null}},"18":{"start":{"line":0,"column":0},"end":{"line":0,"column":0},"skip":true},"19":{"start":{"line":0,"column":0},"end":{"line":0,"column":0},"skip":true},"20":{"start":{"line":0,"column":0},"end":{"line":0,"column":0},"skip":true},"21":{"start":{"line":0,"column":0},"end":{"line":0,"column":0},"skip":true},"22":{"start":{"line":0,"column":0},"end":{"line":0,"column":0},"skip":true},"23":{"start":{"line":4,"column":13},"end":{"line":null,"column":null}},"24":{"start":{"line":0,"column":0},"end":{"line":0,"column":0},"skip":true},"25":{"start":{"line":0,"column":0},"end":{"line":0,"column":0},"skip":true},"26":{"start":{"line":0,"column":0},"end":{"line":0,"column":0},"skip":true},"27":{"start":{"line":0,"column":0},"end":{"line":0,"column":0},"skip":true},"28":{"start":{"line":0,"column":0},"end":{"line":0,"column":0},"skip":true},"29":{"start":{"line":6,"column":0},"end":{"line":null,"column":null}},"30":{"start":{"line":7,"column":0},"end":{"line":null,"column":null}}},"branchMap":{"1":{"line":0,"type":"if","locations":[{"start":{"line":0,"column":0},"end":{"line":0,"column":0},"skip":true},{"start":{"line":0,"column":0},"end":{"line":0,"column":0},"skip":true}]},"2":{"line":0,"type":"if","locations":[{"start":{"line":0,"column":0},"end":{"line":0,"column":0},"skip":true},{"start":{"line":0,"column":0},"end":{"line":0,"column":0},"skip":true}]},"3":{"line":0,"type":"cond-expr","locations":[{"start":{"line":0,"column":0},"end":{"line":0,"column":0},"skip":true},{"start":{"line":0,"column":0},"end":{"line":0,"column":0},"skip":true}]},"4":{"line":0,"type":"binary-expr","locations":[{"start":{"line":0,"column":0},"end":{"line":0,"column":0},"skip":true},{"start":{"line":0,"column":0},"end":{"line":0,"column":0},"skip":true},{"start":{"line":0,"column":0},"end":{"line":0,"column":0},"skip":true}]},"5":{"line":0,"type":"if","locations":[{"start":{"line":0,"column":0},"end":{"line":0,"column":0},"skip":true},{"start":{"line":0,"column":0},"end":{"line":0,"column":0},"skip":true}]},"6":{"line":0,"type":"binary-expr","locations":[{"start":{"line":0,"column":0},"end":{"line":0,"column":0},"skip":true},{"start":{"line":0,"column":0},"end":{"line":0,"column":0},"skip":true}]},"7":{"line":0,"type":"binary-expr","locations":[{"start":{"line":0,"column":0},"end":{"line":0,"column":0},"skip":true},{"start":{"line":0,"column":0},"end":{"line":0,"column":0},"skip":true}]},"8":{"line":0,"type":"if","locations":[{"start":{"line":0,"column":0},"end":{"line":0,"column":0},"skip":true},{"start":{"line":0,"column":0},"end":{"line":0,"column":0},"skip":true}]},"9":{"line":0,"type":"cond-expr","locations":[{"start":{"line":0,"column":0},"end":{"line":0,"column":0},"skip":true},{"start":{"line":0,"column":0},"end":{"line":0,"column":0},"skip":true}]}}}}