TN:
SF:/Users/Bailey/Documents/Adynata/parser/index.es6
FN:5,AdynataParser
FN:8,startRepl
FN:13,(anonymous_9)
FN:22,(anonymous_10)
FN:24,getCode
FN:26,(anonymous_12)
FNF:6
FNH:0
FNDA:0,AdynataParser
FNDA:0,startRepl
FNDA:0,(anonymous_9)
FNDA:0,(anonymous_10)
FNDA:0,getCode
FNDA:0,(anonymous_12)
DA:1,1
DA:2,1
DA:4,1
DA:5,1
DA:6,0
DA:9,0
DA:11,0
DA:13,0
DA:15,0
DA:17,0
DA:19,0
DA:22,0
DA:25,0
DA:26,0
DA:27,0
DA:28,0
DA:29,0
DA:32,0
LF:18
LH:4
BRDA:15,8,0,0
BRDA:15,8,1,0
BRDA:17,9,0,0
BRDA:17,9,1,0
BRDA:28,10,0,0
BRDA:28,10,1,0
BRF:6
BRH:0
end_of_record
TN:
SF:/Users/Bailey/Documents/Adynata/tokenizer/index.es6
FN:15,AdynataTokenizer
FN:21,isAToken
FN:22,(anonymous_9)
FN:24,getToken
FN:31,getTokens
FN:34,setTokens
FN:37,charsListContains
FN:38,(anonymous_14)
FN:40,charsListFindElem
FN:54,getChar
FN:61,guessType
FN:71,tokenize
FN:80,resetCurrentVariable
FNF:13
FNH:10
FNDA:13,AdynataTokenizer
FNDA:126,isAToken
FNDA:91,(anonymous_9)
FNDA:6,getToken
FNDA:0,getTokens
FNDA:0,setTokens
FNDA:295,charsListContains
FNDA:4902,(anonymous_14)
FNDA:150,charsListFindElem
FNDA:249,getChar
FNDA:0,guessType
FNDA:11,tokenize
FNDA:25,resetCurrentVariable
DA:1,1
DA:2,1
DA:3,1
DA:4,1
DA:9,1
DA:14,1
DA:15,13
DA:16,13
DA:17,13
DA:19,13
DA:22,126
DA:25,6
DA:26,9
DA:27,6
DA:32,0
DA:35,0
DA:38,4902
DA:41,150
DA:42,1861
DA:43,150
DA:46,0
DA:55,249
DA:56,5
DA:58,244
DA:62,0
DA:63,0
DA:64,0
DA:65,0
DA:67,0
DA:72,11
DA:73,11
DA:80,11
DA:81,25
DA:90,11
DA:91,11
DA:92,11
DA:93,244
DA:94,122
DA:95,8
DA:96,114
DA:97,51
DA:98,19
DA:100,19
DA:101,19
DA:102,19
DA:104,19
DA:105,0
DA:106,0
DA:107,0
DA:109,0
DA:111,19
DA:113,32
DA:114,12
DA:116,12
DA:117,12
DA:118,0
DA:119,0
DA:120,0
DA:122,0
DA:125,12
DA:126,4
DA:127,4
DA:129,8
DA:132,12
DA:133,1
DA:134,1
DA:135,0
DA:137,1
DA:138,0
DA:140,1
DA:141,1
DA:142,1
DA:144,12
DA:145,4
DA:147,8
DA:148,0
DA:151,8
DA:153,8
DA:154,8
DA:155,20
DA:156,19
DA:157,0
DA:159,19
DA:160,19
DA:161,19
DA:164,118
DA:166,118
DA:169,8
DA:170,8
DA:171,0
DA:173,8
DA:174,2
DA:176,6
DA:177,6
DA:179,6
DA:180,6
DA:181,110
DA:182,19
DA:183,19
DA:184,91
DA:188,8
DA:192,8
DA:198,83
DA:199,1
DA:200,1
DA:201,1
DA:202,1
DA:203,1
DA:204,82
DA:205,0
DA:209,122
DA:211,238
DA:213,5
LF:113
LH:91
BRDA:15,8,0,13
BRDA:15,8,1,0
BRDA:15,9,0,13
BRDA:15,9,1,0
BRDA:26,10,0,6
BRDA:26,10,1,3
BRDA:42,11,0,150
BRDA:42,11,1,1711
BRDA:55,12,0,5
BRDA:55,12,1,244
BRDA:62,13,0,0
BRDA:62,13,1,0
BRDA:62,14,0,0
BRDA:62,14,1,0
BRDA:64,15,0,0
BRDA:64,15,1,0
BRDA:93,16,0,122
BRDA:93,16,1,122
BRDA:93,17,0,244
BRDA:93,17,1,122
BRDA:94,18,0,8
BRDA:94,18,1,114
BRDA:94,19,0,122
BRDA:94,19,1,122
BRDA:96,20,0,63
BRDA:96,20,1,51
BRDA:97,21,0,19
BRDA:97,21,1,32
BRDA:100,22,0,19
BRDA:100,22,1,0
BRDA:101,23,0,19
BRDA:101,23,1,0
BRDA:101,24,0,19
BRDA:101,24,1,19
BRDA:105,25,0,0
BRDA:105,25,1,0
BRDA:106,26,0,0
BRDA:106,26,1,0
BRDA:113,27,0,12
BRDA:113,27,1,20
BRDA:117,28,0,0
BRDA:117,28,1,12
BRDA:117,29,0,12
BRDA:117,29,1,12
BRDA:118,30,0,0
BRDA:118,30,1,0
BRDA:125,31,0,4
BRDA:125,31,1,8
BRDA:132,32,0,1
BRDA:132,32,1,11
BRDA:134,33,0,0
BRDA:134,33,1,1
BRDA:137,34,0,0
BRDA:137,34,1,1
BRDA:144,35,0,4
BRDA:144,35,1,8
BRDA:147,36,0,0
BRDA:147,36,1,8
BRDA:155,37,0,19
BRDA:155,37,1,1
BRDA:156,38,0,0
BRDA:156,38,1,19
BRDA:166,39,0,8
BRDA:166,39,1,110
BRDA:166,40,0,118
BRDA:166,40,1,0
BRDA:166,40,2,118
BRDA:166,40,3,8
BRDA:170,41,0,0
BRDA:170,41,1,8
BRDA:173,42,0,2
BRDA:173,42,1,6
BRDA:181,43,0,19
BRDA:181,43,1,91
BRDA:181,44,0,110
BRDA:181,44,1,38
BRDA:184,45,0,8
BRDA:184,45,1,83
BRDA:184,46,0,91
BRDA:184,46,1,91
BRDA:184,46,2,91
BRDA:184,46,3,91
BRDA:189,47,0,0
BRDA:189,47,1,8
BRDA:198,48,0,1
BRDA:198,48,1,82
BRDA:198,49,0,83
BRDA:198,49,1,1
BRDA:204,50,0,0
BRDA:204,50,1,82
BRDA:204,51,0,82
BRDA:204,51,1,82
BRDA:204,51,2,82
BRF:93
BRH:69
end_of_record
TN:
SF:/Users/Bailey/Documents/Adynata/tokenizer/non_alpha.es6
FNF:0
FNH:0
DA:1,1
DA:2,1
DA:4,1
DA:32,1
LF:4
LH:4
BRF:0
BRH:0
end_of_record
TN:
SF:/Users/Bailey/Documents/Adynata/states/types.es6
FNF:0
FNH:0
DA:1,1
DA:3,1
DA:4,1
DA:5,1
DA:6,1
DA:8,1
DA:9,1
DA:10,1
DA:11,1
LF:9
LH:9
BRF:0
BRH:0
end_of_record
TN:
SF:/Users/Bailey/Documents/Adynata/tokenizer/types.es6
FN:4,AdynataTokenizerKeyword
FN:19,NonAlpha
FN:28,get
FN:37,set
FN:31,get
FN:34,set
FN:40,get
FN:43,set
FN:48,Alpha
FN:53,(anonymous_20)
FN:55,get
FN:64,set
FN:58,get
FN:61,set
FNF:14
FNH:3
FNDA:28,AdynataTokenizerKeyword
FNDA:18,NonAlpha
FNDA:0,get
FNDA:0,set
FNDA:0,get
FNDA:0,set
FNDA:0,get
FNDA:0,set
FNDA:10,Alpha
FNDA:0,(anonymous_20)
FNDA:0,get
FNDA:0,set
FNDA:0,get
FNDA:0,set
DA:1,1
DA:3,1
DA:5,28
DA:6,28
DA:7,28
DA:8,28
DA:10,18
DA:13,10
DA:18,1
DA:19,1
DA:20,18
DA:21,0
DA:23,18
DA:24,0
DA:26,18
DA:35,0
DA:38,0
DA:44,0
DA:47,1
DA:48,1
DA:49,10
DA:50,0
DA:52,10
DA:53,10
DA:62,0
DA:65,0
LF:26
LH:18
BRDA:9,24,0,18
BRDA:9,24,1,10
BRDA:20,25,0,0
BRDA:20,25,1,18
BRDA:23,26,0,0
BRDA:23,26,1,18
BRDA:49,27,0,0
BRDA:49,27,1,10
BRDA:53,28,0,10
BRDA:53,28,1,6
BRF:10
BRH:7
end_of_record
TN:
SF:/Users/Bailey/Documents/Adynata/tokenizer/alpha.es6
FN:7,(anonymous_1)
FN:8,(anonymous_2)
FN:10,(anonymous_3)
FN:11,(anonymous_4)
FNF:4
FNH:2
FNDA:12,(anonymous_1)
FNDA:9,(anonymous_2)
FNDA:0,(anonymous_3)
FNDA:0,(anonymous_4)
DA:1,1
DA:2,1
DA:4,1
DA:7,12
DA:8,9
DA:10,0
DA:11,0
DA:17,1
LF:8
LH:6
BRDA:8,1,0,9
BRDA:8,1,1,9
BRDA:8,1,2,3
BRF:3
BRH:3
end_of_record
TN:
SF:/Users/Bailey/Documents/Adynata/error.es6
FN:4,AdynataError
FNF:1
FNH:1
FNDA:6,AdynataError
DA:1,1
DA:3,1
DA:4,1
DA:5,6
DA:6,6
LF:5
LH:5
BRDA:5,12,0,6
BRDA:5,12,1,0
BRDA:6,13,0,6
BRDA:6,13,1,6
BRF:4
BRH:3
end_of_record
TN:
SF:/Users/Bailey/Documents/Adynata/states/tokenizer.es6
FNF:0
FNH:0
DA:1,1
DA:3,1
DA:4,1
DA:6,1
DA:7,1
LF:5
LH:5
BRF:0
BRH:0
end_of_record
